<?xml version="1.0" encoding="UTF-8"?>
<!-- Generated by org.testng.reporters.JUnitReportReporter -->
<testsuite hostname="DESKTOP-OKJ6GLG" name="google_dd_tests.googleLoginTest_04" tests="1" failures="0" timestamp="2 Oct 2020 02:36:55 GMT" time="104.810" errors="0">
  <testcase name="SignInGoogleApp" time="104.810" classname="google_dd_tests.googleLoginTest_04"/>
</testsuite> <!-- google_dd_tests.googleLoginTest_04 -->
