<?xml version="1.0" encoding="UTF-8"?>
<!-- Generated by org.testng.reporters.JUnitReportReporter -->
<testsuite hostname="DESKTOP-OKJ6GLG" name="google_dd_tests.googleTest_10" tests="1" failures="0" timestamp="2 Oct 2020 02:36:55 GMT" time="9.679" errors="0">
  <testcase name="TotalNumOfemailinbox" time="9.679" classname="google_dd_tests.googleTest_10"/>
</testsuite> <!-- google_dd_tests.googleTest_10 -->
