<?xml version="1.0" encoding="UTF-8"?>
<!-- Generated by org.testng.reporters.JUnitReportReporter -->
<testsuite hostname="DESKTOP-OKJ6GLG" name="google_dd_tests.googleLoginTest_09" tests="1" failures="0" timestamp="2 Oct 2020 02:36:55 GMT" time="29.015" errors="0">
  <testcase name="doLogin" time="29.015" classname="google_dd_tests.googleLoginTest_09"/>
</testsuite> <!-- google_dd_tests.googleLoginTest_09 -->
