<?xml version="1.0" encoding="UTF-8"?>
<!-- Generated by org.testng.reporters.JUnitReportReporter -->
<testsuite hostname="DESKTOP-OKJ6GLG" name="google_dd_tests.LoginTest" tests="1" failures="0" timestamp="16 Sep 2020 09:20:23 GMT" time="10.333" errors="0">
  <testcase name="doLogin" time="10.333" classname="google_dd_tests.LoginTest"/>
</testsuite> <!-- google_dd_tests.LoginTest -->
