<?xml version="1.0" encoding="UTF-8"?>
<!-- Generated by org.testng.reporters.JUnitReportReporter -->
<testsuite hostname="DESKTOP-OKJ6GLG" name="google_dd_tests.googleTest_06" tests="2" failures="0" timestamp="2 Oct 2020 02:36:55 GMT" time="0.003" errors="0">
  <testcase name="closeBrowser" time="0.002" classname="google_dd_tests.googleTest_06"/>
  <testcase name="OpenBrowser" time="0.001" classname="google_dd_tests.googleTest_06"/>
</testsuite> <!-- google_dd_tests.googleTest_06 -->
