<?xml version="1.0" encoding="UTF-8"?>
<!-- Generated by org.testng.reporters.JUnitReportReporter -->
<testsuite skipped="0" hostname="DESKTOP-OKJ6GLG" name="google_dd_tests.googleTest_06" tests="2" failures="0" timestamp="2020-10-02T10:50:15 IST" time="0.001" errors="0">
  <testcase name="OpenBrowser" time="0.000" classname="google_dd_tests.googleTest_06"/>
  <system-out/>
  <testcase name="closeBrowser" time="0.001" classname="google_dd_tests.googleTest_06"/>
  <system-out/>
</testsuite> <!-- google_dd_tests.googleTest_06 -->
