<?xml version="1.0" encoding="UTF-8"?>
<!-- Generated by org.testng.reporters.JUnitReportReporter -->
<testsuite skipped="0" hostname="DESKTOP-OKJ6GLG" name="google_dd_tests.googleTest_10" tests="1" failures="0" timestamp="2020-10-02T10:50:15 IST" time="10.020" errors="0">
  <testcase name="TotalNumOfemailinbox" time="10.020" classname="google_dd_tests.googleTest_10"/>
  <system-out/>
</testsuite> <!-- google_dd_tests.googleTest_10 -->
