<?xml version="1.0" encoding="UTF-8"?>
<!-- Generated by org.testng.reporters.JUnitReportReporter -->
<testsuite skipped="0" hostname="DESKTOP-OKJ6GLG" name="google_dd_tests.googleTest_07" tests="1" failures="0" timestamp="2020-10-02T10:50:15 IST" time="5.827" errors="0">
  <testcase name="Countnameoflink" time="5.827" classname="google_dd_tests.googleTest_07"/>
  <system-out/>
</testsuite> <!-- google_dd_tests.googleTest_07 -->
