<?xml version="1.0" encoding="UTF-8"?>
<!-- Generated by org.testng.reporters.JUnitReportReporter -->
<testsuite skipped="0" hostname="DESKTOP-OKJ6GLG" name="google_dd_tests.googleLoginTest_09" tests="1" failures="0" timestamp="2020-10-02T10:50:15 IST" time="30.677" errors="0">
  <testcase name="doLogin" time="30.677" classname="google_dd_tests.googleLoginTest_09"/>
  <system-out/>
</testsuite> <!-- google_dd_tests.googleLoginTest_09 -->
