<?xml version="1.0" encoding="UTF-8"?>
<!-- Generated by org.testng.reporters.JUnitReportReporter -->
<testsuite skipped="0" hostname="DESKTOP-OKJ6GLG" name="google_dd_tests.googleTest_03" tests="1" failures="0" timestamp="2020-10-02T10:50:15 IST" time="176.144" errors="0">
  <testcase name="verifyGoogleAppsTitle" time="176.144" classname="google_dd_tests.googleTest_03"/>
  <system-out/>
</testsuite> <!-- google_dd_tests.googleTest_03 -->
